{
  "kind": "classification",
  "model_id": "convnextv2-tiny",
  "task": "classify",
  "image_size": [
    640,
    480
  ],
  "device": "cuda",
  "precision": "fp32",
  "backend": "huggingface_classify",
  "model_loaded_from": "cache",
  "cache_path": "/home/arash/.cache/visionservex/models/convnextv2-tiny/snapshot/pytorch_model.bin",
  "latency_ms": 459.63971900346223,
  "fallback_reason": null,
  "metadata": {
    "backend": "huggingface_classify",
    "precision": "fp32"
  },
  "warnings": [],
  "top_k": [
    [
      "envelope",
      0.5095201134681702
    ],
    [
      "ping-pong ball",
      0.03647764027118683
    ],
    [
      "binder, ring-binder",
      0.020751792937517166
    ],
    [
      "rule, ruler",
      0.01749071665108204
    ],
    [
      "Band Aid",
      0.013531423173844814
    ]
  ]
}
