{
  "kind": "detection",
  "model_id": "dfine-l-coco",
  "task": "detect",
  "image_size": [
    640,
    480
  ],
  "device": "cuda",
  "precision": "fp32",
  "backend": "huggingface_dfine",
  "model_loaded_from": "cache",
  "cache_path": "/home/arash/.cache/visionservex/models/dfine-l-coco/snapshot/model.safetensors",
  "latency_ms": 316.79566799721215,
  "fallback_reason": null,
  "metadata": {},
  "warnings": [],
  "detections": [
    {
      "box": {
        "x1": 298.7322692871094,
        "y1": 169.5518798828125,
        "x2": 552.731201171875,
        "y2": 382.8211669921875
      },
      "score": 0.8912332057952881,
      "label": "traffic light",
      "class_id": 9
    }
  ]
}
