{
  "kind": "detection",
  "model_id": "dfine-x-o365-coco",
  "task": "detect",
  "image_size": [
    640,
    480
  ],
  "device": "cuda",
  "precision": "fp32",
  "backend": "huggingface_dfine",
  "model_loaded_from": "cache",
  "cache_path": "/home/arash/.cache/visionservex/models/dfine-x-o365-coco/snapshot/model.safetensors",
  "latency_ms": 337.4072709993925,
  "fallback_reason": null,
  "metadata": {},
  "warnings": [],
  "detections": [
    {
      "box": {
        "x1": 309.5300598144531,
        "y1": 339.512939453125,
        "x2": 371.7621154785156,
        "y2": 381.5212097167969
      },
      "score": 0.5224395394325256,
      "label": "frisbee",
      "class_id": 29
    },
    {
      "box": {
        "x1": 309.5300598144531,
        "y1": 339.512939453125,
        "x2": 371.7621154785156,
        "y2": 381.5212097167969
      },
      "score": 0.3943273723125458,
      "label": "sports ball",
      "class_id": 32
    },
    {
      "box": {
        "x1": 299.17730712890625,
        "y1": 193.46385192871094,
        "x2": 551.8619384765625,
        "y2": 379.08758544921875
      },
      "score": 0.3890552222728729,
      "label": "skateboard",
      "class_id": 36
    },
    {
      "box": {
        "x1": 489.3922424316406,
        "y1": 339.4792785644531,
        "x2": 551.126220703125,
        "y2": 381.398193359375
      },
      "score": 0.37017762660980225,
      "label": "sports ball",
      "class_id": 32
    },
    {
      "box": {
        "x1": 489.3922424316406,
        "y1": 339.4792785644531,
        "x2": 551.126220703125,
        "y2": 381.398193359375
      },
      "score": 0.3432665765285492,
      "label": "donut",
      "class_id": 54
    },
    {
      "box": {
        "x1": 489.3922424316406,
        "y1": 339.4792785644531,
        "x2": 551.126220703125,
        "y2": 381.398193359375
      },
      "score": 0.33311718702316284,
      "label": "frisbee",
      "class_id": 29
    },
    {
      "box": {
        "x1": 299.0910339355469,
        "y1": 170.38890075683594,
        "x2": 552.204345703125,
        "y2": 380.3780517578125
      },
      "score": 0.3302069306373596,
      "label": "skateboard",
      "class_id": 36
    },
    {
      "box": {
        "x1": 299.17730712890625,
        "y1": 193.46385192871094,
        "x2": 551.8619384765625,
        "y2": 379.08758544921875
      },
      "score": 0.3035222291946411,
      "label": "suitcase",
      "class_id": 28
    }
  ]
}
