{
  "kind": "segmentation",
  "model_id": "medsam",
  "task": "foundation_segment",
  "image_size": [
    640,
    480
  ],
  "device": "cuda",
  "precision": "fp32",
  "backend": "huggingface_sam",
  "model_loaded_from": "cache",
  "cache_path": "/home/arash/.cache/visionservex/models/medsam/snapshot/pytorch_model.bin",
  "latency_ms": 216.33088200178463,
  "fallback_reason": null,
  "metadata": {},
  "warnings": [],
  "segments": [
    {
      "box": {
        "x1": 100.0,
        "y1": 55.0,
        "x2": 160.0,
        "y2": 221.0
      },
      "score": 0.9113471508026123,
      "label": "segment",
      "class_id": null,
      "mask_shape": [
        480,
        640
      ],
      "mask_pixels_on": 8687
    }
  ]
}
