2026-05-18T21:21:40 INFO visionservex.engines.oneformer :: loading OneFormer oneformer-swin-large from shi-labs/oneformer_coco_swin_large on cuda
2026-05-18T21:21:40 INFO httpx :: HTTP Request: GET https://huggingface.co/api/models/shi-labs/oneformer_coco_swin_large/tree/main/additional_chat_templates?recursive=false&expand=false "HTTP/1.1 404 Not Found"
2026-05-18T21:21:40 INFO httpx :: HTTP Request: HEAD https://huggingface.co/shi-labs/oneformer_coco_swin_large/resolve/main/processor_config.json "HTTP/1.1 404 Not Found"
2026-05-18T21:21:40 INFO httpx :: HTTP Request: HEAD https://huggingface.co/shi-labs/oneformer_coco_swin_large/resolve/main/chat_template.json "HTTP/1.1 404 Not Found"
2026-05-18T21:21:40 INFO httpx :: HTTP Request: HEAD https://huggingface.co/shi-labs/oneformer_coco_swin_large/resolve/main/chat_template.jinja "HTTP/1.1 404 Not Found"
2026-05-18T21:21:40 INFO httpx :: HTTP Request: HEAD https://huggingface.co/shi-labs/oneformer_coco_swin_large/resolve/main/audio_tokenizer_config.json "HTTP/1.1 404 Not Found"
2026-05-18T21:21:41 INFO httpx :: HTTP Request: HEAD https://huggingface.co/shi-labs/oneformer_coco_swin_large/resolve/main/processor_config.json "HTTP/1.1 404 Not Found"
2026-05-18T21:21:41 INFO httpx :: HTTP Request: HEAD https://huggingface.co/shi-labs/oneformer_coco_swin_large/resolve/main/preprocessor_config.json "HTTP/1.1 307 Temporary Redirect"
2026-05-18T21:21:41 INFO httpx :: HTTP Request: HEAD https://huggingface.co/api/resolve-cache/models/shi-labs/oneformer_coco_swin_large/3a263017ca5c75adbea145f25f81b118243d4394/preprocessor_config.json "HTTP/1.1 200 OK"
The image processor of type `OneFormerImageProcessor` is now loaded as a fast processor by default, even if the model checkpoint was saved with a slow processor. This is a breaking change and may produce slightly different outputs. To continue using the slow processor, instantiate this class with `use_fast=False`. 
2026-05-18T21:21:41 INFO httpx :: HTTP Request: HEAD https://huggingface.co/shi-labs/oneformer_coco_swin_large/resolve/main/processor_config.json "HTTP/1.1 404 Not Found"
2026-05-18T21:21:41 INFO httpx :: HTTP Request: HEAD https://huggingface.co/shi-labs/oneformer_coco_swin_large/resolve/main/preprocessor_config.json "HTTP/1.1 307 Temporary Redirect"
2026-05-18T21:21:41 INFO httpx :: HTTP Request: HEAD https://huggingface.co/api/resolve-cache/models/shi-labs/oneformer_coco_swin_large/3a263017ca5c75adbea145f25f81b118243d4394/preprocessor_config.json "HTTP/1.1 200 OK"
2026-05-18T21:21:41 INFO httpx :: HTTP Request: HEAD https://huggingface.co/datasets/shi-labs/oneformer_demo/resolve/main/coco_panoptic.json "HTTP/1.1 307 Temporary Redirect"
2026-05-18T21:21:41 INFO httpx :: HTTP Request: HEAD https://huggingface.co/api/resolve-cache/datasets/shi-labs/oneformer_demo/4d683bd5bf84e9c8b5537dce306230bde409fe89/coco_panoptic.json "HTTP/1.1 200 OK"
2026-05-18T21:21:41 INFO httpx :: HTTP Request: HEAD https://huggingface.co/shi-labs/oneformer_coco_swin_large/resolve/main/config.json "HTTP/1.1 307 Temporary Redirect"
2026-05-18T21:21:41 INFO httpx :: HTTP Request: HEAD https://huggingface.co/api/resolve-cache/models/shi-labs/oneformer_coco_swin_large/3a263017ca5c75adbea145f25f81b118243d4394/config.json "HTTP/1.1 200 OK"
2026-05-18T21:21:41 INFO httpx :: HTTP Request: HEAD https://huggingface.co/shi-labs/oneformer_coco_swin_large/resolve/main/tokenizer_config.json "HTTP/1.1 307 Temporary Redirect"
2026-05-18T21:21:41 INFO httpx :: HTTP Request: HEAD https://huggingface.co/api/resolve-cache/models/shi-labs/oneformer_coco_swin_large/3a263017ca5c75adbea145f25f81b118243d4394/tokenizer_config.json "HTTP/1.1 200 OK"
2026-05-18T21:21:41 INFO httpx :: HTTP Request: GET https://huggingface.co/api/models/shi-labs/oneformer_coco_swin_large/tree/main/additional_chat_templates?recursive=false&expand=false "HTTP/1.1 404 Not Found"
2026-05-18T21:21:41 INFO httpx :: HTTP Request: GET https://huggingface.co/api/models/shi-labs/oneformer_coco_swin_large/tree/main?recursive=true&expand=false "HTTP/1.1 200 OK"
2026-05-18T21:21:42 INFO httpx :: HTTP Request: HEAD https://huggingface.co/shi-labs/oneformer_coco_swin_large/resolve/main/config.json "HTTP/1.1 307 Temporary Redirect"
2026-05-18T21:21:42 INFO httpx :: HTTP Request: HEAD https://huggingface.co/api/resolve-cache/models/shi-labs/oneformer_coco_swin_large/3a263017ca5c75adbea145f25f81b118243d4394/config.json "HTTP/1.1 200 OK"
2026-05-18T21:21:42 INFO httpx :: HTTP Request: HEAD https://huggingface.co/shi-labs/oneformer_coco_swin_large/resolve/main/config.json "HTTP/1.1 307 Temporary Redirect"
2026-05-18T21:21:42 INFO httpx :: HTTP Request: HEAD https://huggingface.co/api/resolve-cache/models/shi-labs/oneformer_coco_swin_large/3a263017ca5c75adbea145f25f81b118243d4394/config.json "HTTP/1.1 200 OK"
2026-05-18T21:21:42 INFO httpx :: HTTP Request: HEAD https://huggingface.co/shi-labs/oneformer_coco_swin_large/resolve/main/model.safetensors "HTTP/1.1 404 Not Found"
2026-05-18T21:21:42 INFO httpx :: HTTP Request: HEAD https://huggingface.co/shi-labs/oneformer_coco_swin_large/resolve/main/model.safetensors.index.json "HTTP/1.1 404 Not Found"
2026-05-18T21:21:42 INFO httpx :: HTTP Request: HEAD https://huggingface.co/shi-labs/oneformer_coco_swin_large/resolve/main/pytorch_model.bin "HTTP/1.1 302 Found"
2026-05-18T21:21:42 INFO httpx :: HTTP Request: HEAD https://huggingface.co/shi-labs/oneformer_coco_swin_large/resolve/main/model.safetensors "HTTP/1.1 404 Not Found"
2026-05-18T21:21:42 INFO httpx :: HTTP Request: GET https://huggingface.co/api/models/shi-labs/oneformer_coco_swin_large "HTTP/1.1 200 OK"

Loading weights:   0%|          | 0/826 [00:00<?, ?it/s]
Loading weights: 100%|██████████| 826/826 [00:00<00:00, 51562.66it/s]
2026-05-18T21:21:42 INFO httpx :: HTTP Request: GET https://huggingface.co/api/models/shi-labs/oneformer_coco_swin_large/commits/main "HTTP/1.1 200 OK"
2026-05-18T21:21:42 INFO httpx :: HTTP Request: GET https://huggingface.co/api/models/shi-labs/oneformer_coco_swin_large/discussions?p=0 "HTTP/1.1 200 OK"
2026-05-18T21:21:43 INFO visionservex.engines.oneformer :: OneFormer oneformer-swin-large ready (133 classes)
2026-05-18T21:21:43 INFO httpx :: HTTP Request: GET https://huggingface.co/api/models/shi-labs/oneformer_coco_swin_large/commits/refs%2Fpr%2F9 "HTTP/1.1 200 OK"
2026-05-18T21:21:43 INFO httpx :: HTTP Request: HEAD https://huggingface.co/shi-labs/oneformer_coco_swin_large/resolve/refs%2Fpr%2F9/model.safetensors.index.json "HTTP/1.1 404 Not Found"
2026-05-18T21:21:43 INFO httpx :: HTTP Request: HEAD https://huggingface.co/shi-labs/oneformer_coco_swin_large/resolve/refs%2Fpr%2F9/model.safetensors "HTTP/1.1 302 Found"
