2026-05-18T21:21:34 INFO visionservex.engines.oneformer :: loading OneFormer oneformer-dinat-large from shi-labs/oneformer_coco_dinat_large on cuda
2026-05-18T21:21:34 INFO httpx :: HTTP Request: GET https://huggingface.co/api/models/shi-labs/oneformer_coco_dinat_large/tree/main/additional_chat_templates?recursive=false&expand=false "HTTP/1.1 404 Not Found"
2026-05-18T21:21:34 INFO httpx :: HTTP Request: HEAD https://huggingface.co/shi-labs/oneformer_coco_dinat_large/resolve/main/processor_config.json "HTTP/1.1 404 Not Found"
2026-05-18T21:21:34 INFO httpx :: HTTP Request: HEAD https://huggingface.co/shi-labs/oneformer_coco_dinat_large/resolve/main/chat_template.json "HTTP/1.1 404 Not Found"
2026-05-18T21:21:34 INFO httpx :: HTTP Request: HEAD https://huggingface.co/shi-labs/oneformer_coco_dinat_large/resolve/main/chat_template.jinja "HTTP/1.1 404 Not Found"
2026-05-18T21:21:34 INFO httpx :: HTTP Request: HEAD https://huggingface.co/shi-labs/oneformer_coco_dinat_large/resolve/main/audio_tokenizer_config.json "HTTP/1.1 404 Not Found"
2026-05-18T21:21:34 INFO httpx :: HTTP Request: HEAD https://huggingface.co/shi-labs/oneformer_coco_dinat_large/resolve/main/processor_config.json "HTTP/1.1 404 Not Found"
2026-05-18T21:21:34 INFO httpx :: HTTP Request: HEAD https://huggingface.co/shi-labs/oneformer_coco_dinat_large/resolve/main/preprocessor_config.json "HTTP/1.1 307 Temporary Redirect"
2026-05-18T21:21:34 INFO httpx :: HTTP Request: HEAD https://huggingface.co/api/resolve-cache/models/shi-labs/oneformer_coco_dinat_large/2da7cf11f1d942f262459f7d4ca34d5cff4e48b4/preprocessor_config.json "HTTP/1.1 200 OK"
The image processor of type `OneFormerImageProcessor` is now loaded as a fast processor by default, even if the model checkpoint was saved with a slow processor. This is a breaking change and may produce slightly different outputs. To continue using the slow processor, instantiate this class with `use_fast=False`. 
2026-05-18T21:21:34 INFO httpx :: HTTP Request: HEAD https://huggingface.co/shi-labs/oneformer_coco_dinat_large/resolve/main/processor_config.json "HTTP/1.1 404 Not Found"
2026-05-18T21:21:35 INFO httpx :: HTTP Request: HEAD https://huggingface.co/shi-labs/oneformer_coco_dinat_large/resolve/main/preprocessor_config.json "HTTP/1.1 307 Temporary Redirect"
2026-05-18T21:21:35 INFO httpx :: HTTP Request: HEAD https://huggingface.co/api/resolve-cache/models/shi-labs/oneformer_coco_dinat_large/2da7cf11f1d942f262459f7d4ca34d5cff4e48b4/preprocessor_config.json "HTTP/1.1 200 OK"
2026-05-18T21:21:35 INFO httpx :: HTTP Request: HEAD https://huggingface.co/datasets/shi-labs/oneformer_demo/resolve/main/coco_panoptic.json "HTTP/1.1 307 Temporary Redirect"
2026-05-18T21:21:35 INFO httpx :: HTTP Request: HEAD https://huggingface.co/api/resolve-cache/datasets/shi-labs/oneformer_demo/4d683bd5bf84e9c8b5537dce306230bde409fe89/coco_panoptic.json "HTTP/1.1 200 OK"
2026-05-18T21:21:35 INFO httpx :: HTTP Request: HEAD https://huggingface.co/shi-labs/oneformer_coco_dinat_large/resolve/main/config.json "HTTP/1.1 307 Temporary Redirect"
2026-05-18T21:21:35 INFO httpx :: HTTP Request: HEAD https://huggingface.co/api/resolve-cache/models/shi-labs/oneformer_coco_dinat_large/2da7cf11f1d942f262459f7d4ca34d5cff4e48b4/config.json "HTTP/1.1 200 OK"
2026-05-18T21:21:35 INFO httpx :: HTTP Request: HEAD https://huggingface.co/shi-labs/oneformer_coco_dinat_large/resolve/main/tokenizer_config.json "HTTP/1.1 307 Temporary Redirect"
2026-05-18T21:21:35 INFO httpx :: HTTP Request: HEAD https://huggingface.co/api/resolve-cache/models/shi-labs/oneformer_coco_dinat_large/2da7cf11f1d942f262459f7d4ca34d5cff4e48b4/tokenizer_config.json "HTTP/1.1 200 OK"
2026-05-18T21:21:35 INFO httpx :: HTTP Request: GET https://huggingface.co/api/models/shi-labs/oneformer_coco_dinat_large/tree/main/additional_chat_templates?recursive=false&expand=false "HTTP/1.1 404 Not Found"
2026-05-18T21:21:35 INFO httpx :: HTTP Request: GET https://huggingface.co/api/models/shi-labs/oneformer_coco_dinat_large/tree/main?recursive=true&expand=false "HTTP/1.1 200 OK"
2026-05-18T21:21:35 INFO httpx :: HTTP Request: HEAD https://huggingface.co/shi-labs/oneformer_coco_dinat_large/resolve/main/config.json "HTTP/1.1 307 Temporary Redirect"
2026-05-18T21:21:35 INFO httpx :: HTTP Request: HEAD https://huggingface.co/api/resolve-cache/models/shi-labs/oneformer_coco_dinat_large/2da7cf11f1d942f262459f7d4ca34d5cff4e48b4/config.json "HTTP/1.1 200 OK"
2026-05-18T21:21:36 INFO httpx :: HTTP Request: HEAD https://huggingface.co/shi-labs/oneformer_coco_dinat_large/resolve/main/config.json "HTTP/1.1 307 Temporary Redirect"
2026-05-18T21:21:36 INFO httpx :: HTTP Request: HEAD https://huggingface.co/api/resolve-cache/models/shi-labs/oneformer_coco_dinat_large/2da7cf11f1d942f262459f7d4ca34d5cff4e48b4/config.json "HTTP/1.1 200 OK"
2026-05-18T21:21:36 INFO httpx :: HTTP Request: HEAD https://huggingface.co/shi-labs/oneformer_coco_dinat_large/resolve/main/model.safetensors "HTTP/1.1 404 Not Found"
2026-05-18T21:21:36 INFO httpx :: HTTP Request: HEAD https://huggingface.co/shi-labs/oneformer_coco_dinat_large/resolve/main/model.safetensors.index.json "HTTP/1.1 404 Not Found"
2026-05-18T21:21:36 INFO httpx :: HTTP Request: HEAD https://huggingface.co/shi-labs/oneformer_coco_dinat_large/resolve/main/pytorch_model.bin "HTTP/1.1 302 Found"
2026-05-18T21:21:36 INFO httpx :: HTTP Request: HEAD https://huggingface.co/shi-labs/oneformer_coco_dinat_large/resolve/main/model.safetensors "HTTP/1.1 404 Not Found"
{"error": {"code": "PREDICT_FAILED", "message": "\nDinatBackbone requires the natten library but it was not found in your environment. You can install it by referring to:\nshi-labs.com/natten . You can also install it with pip (may take longer to build):\n`pip install natten`. Please note that you may need to restart your runtime after installation.\n", "hint": ""}}
2026-05-18T21:21:36 INFO httpx :: HTTP Request: GET https://huggingface.co/api/models/shi-labs/oneformer_coco_dinat_large "HTTP/1.1 200 OK"
2026-05-18T21:21:36 INFO httpx :: HTTP Request: GET https://huggingface.co/api/models/shi-labs/oneformer_coco_dinat_large/commits/main "HTTP/1.1 200 OK"
2026-05-18T21:21:36 INFO httpx :: HTTP Request: GET https://huggingface.co/api/models/shi-labs/oneformer_coco_dinat_large/discussions?p=0 "HTTP/1.1 200 OK"
2026-05-18T21:21:36 INFO httpx :: HTTP Request: GET https://huggingface.co/api/models/shi-labs/oneformer_coco_dinat_large/commits/refs%2Fpr%2F2 "HTTP/1.1 200 OK"
2026-05-18T21:21:37 INFO httpx :: HTTP Request: HEAD https://huggingface.co/shi-labs/oneformer_coco_dinat_large/resolve/refs%2Fpr%2F2/model.safetensors.index.json "HTTP/1.1 404 Not Found"
2026-05-18T21:21:37 INFO httpx :: HTTP Request: HEAD https://huggingface.co/shi-labs/oneformer_coco_dinat_large/resolve/refs%2Fpr%2F2/model.safetensors "HTTP/1.1 302 Found"
