2026-05-18T21:21:14 INFO httpx :: HTTP Request: GET https://huggingface.co/api/models/google/owlvit-base-patch32/tree/main/additional_chat_templates?recursive=false&expand=false "HTTP/1.1 404 Not Found"
2026-05-18T21:21:14 INFO httpx :: HTTP Request: HEAD https://huggingface.co/google/owlvit-base-patch32/resolve/main/processor_config.json "HTTP/1.1 404 Not Found"
2026-05-18T21:21:14 INFO httpx :: HTTP Request: HEAD https://huggingface.co/google/owlvit-base-patch32/resolve/main/chat_template.json "HTTP/1.1 404 Not Found"
2026-05-18T21:21:14 INFO httpx :: HTTP Request: HEAD https://huggingface.co/google/owlvit-base-patch32/resolve/main/chat_template.jinja "HTTP/1.1 404 Not Found"
2026-05-18T21:21:14 INFO httpx :: HTTP Request: HEAD https://huggingface.co/google/owlvit-base-patch32/resolve/main/audio_tokenizer_config.json "HTTP/1.1 404 Not Found"
2026-05-18T21:21:14 INFO httpx :: HTTP Request: HEAD https://huggingface.co/google/owlvit-base-patch32/resolve/main/processor_config.json "HTTP/1.1 404 Not Found"
2026-05-18T21:21:14 INFO httpx :: HTTP Request: HEAD https://huggingface.co/google/owlvit-base-patch32/resolve/main/preprocessor_config.json "HTTP/1.1 307 Temporary Redirect"
2026-05-18T21:21:14 INFO httpx :: HTTP Request: HEAD https://huggingface.co/api/resolve-cache/models/google/owlvit-base-patch32/cbc355fb364588351c5d51c7f74465e8e7ec6f72/preprocessor_config.json "HTTP/1.1 200 OK"
The image processor of type `OwlViTImageProcessor` is now loaded as a fast processor by default, even if the model checkpoint was saved with a slow processor. This is a breaking change and may produce slightly different outputs. To continue using the slow processor, instantiate this class with `use_fast=False`. 
2026-05-18T21:21:15 INFO httpx :: HTTP Request: HEAD https://huggingface.co/google/owlvit-base-patch32/resolve/main/processor_config.json "HTTP/1.1 404 Not Found"
2026-05-18T21:21:15 INFO httpx :: HTTP Request: HEAD https://huggingface.co/google/owlvit-base-patch32/resolve/main/preprocessor_config.json "HTTP/1.1 307 Temporary Redirect"
2026-05-18T21:21:15 INFO httpx :: HTTP Request: HEAD https://huggingface.co/api/resolve-cache/models/google/owlvit-base-patch32/cbc355fb364588351c5d51c7f74465e8e7ec6f72/preprocessor_config.json "HTTP/1.1 200 OK"
2026-05-18T21:21:15 INFO httpx :: HTTP Request: HEAD https://huggingface.co/google/owlvit-base-patch32/resolve/main/config.json "HTTP/1.1 307 Temporary Redirect"
2026-05-18T21:21:15 INFO httpx :: HTTP Request: HEAD https://huggingface.co/api/resolve-cache/models/google/owlvit-base-patch32/cbc355fb364588351c5d51c7f74465e8e7ec6f72/config.json "HTTP/1.1 200 OK"
2026-05-18T21:21:15 INFO httpx :: HTTP Request: HEAD https://huggingface.co/google/owlvit-base-patch32/resolve/main/tokenizer_config.json "HTTP/1.1 307 Temporary Redirect"
2026-05-18T21:21:15 INFO httpx :: HTTP Request: HEAD https://huggingface.co/api/resolve-cache/models/google/owlvit-base-patch32/cbc355fb364588351c5d51c7f74465e8e7ec6f72/tokenizer_config.json "HTTP/1.1 200 OK"
2026-05-18T21:21:15 INFO httpx :: HTTP Request: GET https://huggingface.co/api/models/google/owlvit-base-patch32/tree/main/additional_chat_templates?recursive=false&expand=false "HTTP/1.1 404 Not Found"
2026-05-18T21:21:15 INFO httpx :: HTTP Request: GET https://huggingface.co/api/models/google/owlvit-base-patch32/tree/main?recursive=true&expand=false "HTTP/1.1 200 OK"
2026-05-18T21:21:15 INFO httpx :: HTTP Request: HEAD https://huggingface.co/google/owlvit-base-patch32/resolve/main/config.json "HTTP/1.1 307 Temporary Redirect"
2026-05-18T21:21:15 INFO httpx :: HTTP Request: HEAD https://huggingface.co/api/resolve-cache/models/google/owlvit-base-patch32/cbc355fb364588351c5d51c7f74465e8e7ec6f72/config.json "HTTP/1.1 200 OK"
2026-05-18T21:21:15 INFO httpx :: HTTP Request: HEAD https://huggingface.co/google/owlvit-base-patch32/resolve/main/config.json "HTTP/1.1 307 Temporary Redirect"
2026-05-18T21:21:15 INFO httpx :: HTTP Request: HEAD https://huggingface.co/api/resolve-cache/models/google/owlvit-base-patch32/cbc355fb364588351c5d51c7f74465e8e7ec6f72/config.json "HTTP/1.1 200 OK"
2026-05-18T21:21:16 INFO httpx :: HTTP Request: HEAD https://huggingface.co/google/owlvit-base-patch32/resolve/main/model.safetensors "HTTP/1.1 302 Found"

Loading weights:   0%|          | 0/412 [00:00<?, ?it/s]
Loading weights: 100%|██████████| 412/412 [00:00<00:00, 23971.44it/s]
[1mOwlViTForObjectDetection LOAD REPORT[0m from: google/owlvit-base-patch32
Key                                         | Status     |  | 
--------------------------------------------+------------+--+-
owlvit.text_model.embeddings.position_ids   | UNEXPECTED |  | 
owlvit.vision_model.embeddings.position_ids | UNEXPECTED |  | 

[3mNotes:
- UNEXPECTED[3m	:can be ignored when loading from different task/architecture; not ok if you expect identical arch.[0m
