[2026-05-18 21:21:51] [INFO] rf-detr - File rf-detr-seg-nano.pt already exists with correct MD5 hash.
[2026-05-18 21:21:51] [INFO] rf-detr - File rf-detr-seg-nano.pt already exists with correct MD5 hash.
{
  "kind": "segmentation",
  "model_id": "rfdetr-seg-nano",
  "task": "segment",
  "image_size": [
    640,
    480
  ],
  "device": "cuda",
  "precision": "fp32",
  "backend": "rfdetr_package",
  "model_loaded_from": null,
  "cache_path": null,
  "latency_ms": 274.69997899606824,
  "fallback_reason": null,
  "metadata": {},
  "warnings": [],
  "segments": []
}
