[2026-05-18 21:18:00] [INFO] rf-detr - File rf-detr-medium.pth already exists with correct MD5 hash.
[2026-05-18 21:18:01] [INFO] rf-detr - File rf-detr-medium.pth already exists with correct MD5 hash.
{
  "kind": "detection",
  "model_id": "rfdetr-medium",
  "task": "detect",
  "image_size": [
    640,
    480
  ],
  "device": "cuda",
  "precision": "fp32",
  "backend": "rfdetr_package",
  "model_loaded_from": null,
  "cache_path": null,
  "latency_ms": 234.7254430060275,
  "fallback_reason": null,
  "metadata": {},
  "warnings": [],
  "detections": []
}
