[2026-05-18 21:17:55] [INFO] rf-detr - File rf-detr-large-2026.pth already exists with correct MD5 hash.
[2026-05-18 21:17:56] [INFO] rf-detr - File rf-detr-large-2026.pth already exists with correct MD5 hash.
{
  "kind": "detection",
  "model_id": "rfdetr-large",
  "task": "detect",
  "image_size": [
    640,
    480
  ],
  "device": "cuda",
  "precision": "fp32",
  "backend": "rfdetr_package",
  "model_loaded_from": null,
  "cache_path": null,
  "latency_ms": 267.8085310035385,
  "fallback_reason": null,
  "metadata": {},
  "warnings": [],
  "detections": []
}
