2026-05-18T21:19:42 INFO visionservex.engines.sam_hf :: loading sam-vit-large from facebook/sam-vit-large
2026-05-18T21:19:42 INFO httpx :: HTTP Request: GET https://huggingface.co/api/models/facebook/sam-vit-large/tree/main/additional_chat_templates?recursive=false&expand=false "HTTP/1.1 404 Not Found"
2026-05-18T21:19:42 INFO httpx :: HTTP Request: HEAD https://huggingface.co/facebook/sam-vit-large/resolve/main/processor_config.json "HTTP/1.1 404 Not Found"
2026-05-18T21:19:42 INFO httpx :: HTTP Request: HEAD https://huggingface.co/facebook/sam-vit-large/resolve/main/chat_template.json "HTTP/1.1 404 Not Found"
2026-05-18T21:19:43 INFO httpx :: HTTP Request: HEAD https://huggingface.co/facebook/sam-vit-large/resolve/main/chat_template.jinja "HTTP/1.1 404 Not Found"
2026-05-18T21:19:43 INFO httpx :: HTTP Request: HEAD https://huggingface.co/facebook/sam-vit-large/resolve/main/audio_tokenizer_config.json "HTTP/1.1 404 Not Found"
2026-05-18T21:19:43 INFO httpx :: HTTP Request: HEAD https://huggingface.co/facebook/sam-vit-large/resolve/main/processor_config.json "HTTP/1.1 404 Not Found"
2026-05-18T21:19:43 INFO httpx :: HTTP Request: HEAD https://huggingface.co/facebook/sam-vit-large/resolve/main/preprocessor_config.json "HTTP/1.1 307 Temporary Redirect"
2026-05-18T21:19:43 INFO httpx :: HTTP Request: HEAD https://huggingface.co/api/resolve-cache/models/facebook/sam-vit-large/6851e0441005b0fb96f2cc4dfac472f3d1b14af1/preprocessor_config.json "HTTP/1.1 200 OK"
The image processor of type `SamImageProcessor` is now loaded as a fast processor by default, even if the model checkpoint was saved with a slow processor. This is a breaking change and may produce slightly different outputs. To continue using the slow processor, instantiate this class with `use_fast=False`. 
2026-05-18T21:19:43 INFO httpx :: HTTP Request: HEAD https://huggingface.co/facebook/sam-vit-large/resolve/main/processor_config.json "HTTP/1.1 404 Not Found"
2026-05-18T21:19:43 INFO httpx :: HTTP Request: HEAD https://huggingface.co/facebook/sam-vit-large/resolve/main/preprocessor_config.json "HTTP/1.1 307 Temporary Redirect"
2026-05-18T21:19:43 INFO httpx :: HTTP Request: HEAD https://huggingface.co/api/resolve-cache/models/facebook/sam-vit-large/6851e0441005b0fb96f2cc4dfac472f3d1b14af1/preprocessor_config.json "HTTP/1.1 200 OK"
2026-05-18T21:19:43 INFO httpx :: HTTP Request: HEAD https://huggingface.co/facebook/sam-vit-large/resolve/main/config.json "HTTP/1.1 307 Temporary Redirect"
2026-05-18T21:19:43 INFO httpx :: HTTP Request: HEAD https://huggingface.co/api/resolve-cache/models/facebook/sam-vit-large/6851e0441005b0fb96f2cc4dfac472f3d1b14af1/config.json "HTTP/1.1 200 OK"
2026-05-18T21:19:43 INFO httpx :: HTTP Request: HEAD https://huggingface.co/facebook/sam-vit-large/resolve/main/config.json "HTTP/1.1 307 Temporary Redirect"
2026-05-18T21:19:43 INFO httpx :: HTTP Request: HEAD https://huggingface.co/api/resolve-cache/models/facebook/sam-vit-large/6851e0441005b0fb96f2cc4dfac472f3d1b14af1/config.json "HTTP/1.1 200 OK"
2026-05-18T21:19:43 INFO httpx :: HTTP Request: HEAD https://huggingface.co/facebook/sam-vit-large/resolve/main/model.safetensors "HTTP/1.1 302 Found"

Loading weights:   0%|          | 0/482 [00:00<?, ?it/s]
Loading weights: 100%|██████████| 482/482 [00:00<00:00, 16249.81it/s]
2026-05-18T21:19:44 INFO visionservex.engines.sam_hf :: sam-vit-large loaded
