2026-05-18T21:19:36 INFO visionservex.engines.sam_hf :: loading sam-vit-huge from facebook/sam-vit-huge
2026-05-18T21:19:36 INFO httpx :: HTTP Request: GET https://huggingface.co/api/models/facebook/sam-vit-huge/tree/main/additional_chat_templates?recursive=false&expand=false "HTTP/1.1 404 Not Found"
2026-05-18T21:19:36 INFO httpx :: HTTP Request: HEAD https://huggingface.co/facebook/sam-vit-huge/resolve/main/processor_config.json "HTTP/1.1 404 Not Found"
2026-05-18T21:19:36 INFO httpx :: HTTP Request: HEAD https://huggingface.co/facebook/sam-vit-huge/resolve/main/chat_template.json "HTTP/1.1 404 Not Found"
2026-05-18T21:19:36 INFO httpx :: HTTP Request: HEAD https://huggingface.co/facebook/sam-vit-huge/resolve/main/chat_template.jinja "HTTP/1.1 404 Not Found"
2026-05-18T21:19:36 INFO httpx :: HTTP Request: HEAD https://huggingface.co/facebook/sam-vit-huge/resolve/main/audio_tokenizer_config.json "HTTP/1.1 404 Not Found"
2026-05-18T21:19:36 INFO httpx :: HTTP Request: HEAD https://huggingface.co/facebook/sam-vit-huge/resolve/main/processor_config.json "HTTP/1.1 404 Not Found"
2026-05-18T21:19:36 INFO httpx :: HTTP Request: HEAD https://huggingface.co/facebook/sam-vit-huge/resolve/main/preprocessor_config.json "HTTP/1.1 307 Temporary Redirect"
2026-05-18T21:19:37 INFO httpx :: HTTP Request: HEAD https://huggingface.co/api/resolve-cache/models/facebook/sam-vit-huge/87aecf0df4ce6b30cd7de76e87673c49644bdf67/preprocessor_config.json "HTTP/1.1 200 OK"
The image processor of type `SamImageProcessor` is now loaded as a fast processor by default, even if the model checkpoint was saved with a slow processor. This is a breaking change and may produce slightly different outputs. To continue using the slow processor, instantiate this class with `use_fast=False`. 
2026-05-18T21:19:37 INFO httpx :: HTTP Request: HEAD https://huggingface.co/facebook/sam-vit-huge/resolve/main/processor_config.json "HTTP/1.1 404 Not Found"
2026-05-18T21:19:37 INFO httpx :: HTTP Request: HEAD https://huggingface.co/facebook/sam-vit-huge/resolve/main/preprocessor_config.json "HTTP/1.1 307 Temporary Redirect"
2026-05-18T21:19:37 INFO httpx :: HTTP Request: HEAD https://huggingface.co/api/resolve-cache/models/facebook/sam-vit-huge/87aecf0df4ce6b30cd7de76e87673c49644bdf67/preprocessor_config.json "HTTP/1.1 200 OK"
2026-05-18T21:19:37 INFO httpx :: HTTP Request: HEAD https://huggingface.co/facebook/sam-vit-huge/resolve/main/config.json "HTTP/1.1 307 Temporary Redirect"
2026-05-18T21:19:37 INFO httpx :: HTTP Request: HEAD https://huggingface.co/api/resolve-cache/models/facebook/sam-vit-huge/87aecf0df4ce6b30cd7de76e87673c49644bdf67/config.json "HTTP/1.1 200 OK"
2026-05-18T21:19:37 INFO httpx :: HTTP Request: HEAD https://huggingface.co/facebook/sam-vit-huge/resolve/main/config.json "HTTP/1.1 307 Temporary Redirect"
2026-05-18T21:19:37 INFO httpx :: HTTP Request: HEAD https://huggingface.co/api/resolve-cache/models/facebook/sam-vit-huge/87aecf0df4ce6b30cd7de76e87673c49644bdf67/config.json "HTTP/1.1 200 OK"
2026-05-18T21:19:37 INFO httpx :: HTTP Request: HEAD https://huggingface.co/facebook/sam-vit-huge/resolve/main/model.safetensors "HTTP/1.1 302 Found"

Loading weights:   0%|          | 0/594 [00:00<?, ?it/s]
Loading weights: 100%|██████████| 594/594 [00:00<00:00, 7610.47it/s]
2026-05-18T21:19:38 INFO visionservex.engines.sam_hf :: sam-vit-huge loaded
