{
  "kind": "segmentation",
  "model_id": "sam2.1-hiera-base-plus",
  "task": "foundation_segment",
  "image_size": [
    640,
    480
  ],
  "device": "cuda",
  "precision": "fp32",
  "backend": "huggingface_sam2",
  "model_loaded_from": "cache",
  "cache_path": "/home/arash/.cache/visionservex/models/sam2.1-hiera-base-plus/snapshot/sam2.1_hiera_base_plus.pt",
  "latency_ms": 241.81232599948999,
  "fallback_reason": null,
  "metadata": {},
  "warnings": [],
  "segments": [
    {
      "box": {
        "x1": 63.0,
        "y1": 40.0,
        "x2": 161.0,
        "y2": 280.0
      },
      "score": 0.9169244170188904,
      "label": "segment",
      "class_id": null,
      "mask_shape": [
        480,
        640
      ],
      "mask_pixels_on": 10317
    }
  ]
}
