{
  "kind": "segmentation",
  "model_id": "sam2-hiera-large",
  "task": "foundation_segment",
  "image_size": [
    640,
    480
  ],
  "device": "cuda",
  "precision": "fp32",
  "backend": "huggingface_sam2",
  "model_loaded_from": "cache",
  "cache_path": "/home/arash/.cache/visionservex/models/sam2-hiera-large/snapshot/sam2_hiera_large.pt",
  "latency_ms": 295.1716179959476,
  "fallback_reason": null,
  "metadata": {},
  "warnings": [],
  "segments": [
    {
      "box": {
        "x1": 61.0,
        "y1": 61.0,
        "x2": 178.0,
        "y2": 198.0
      },
      "score": 0.08822770416736603,
      "label": "segment",
      "class_id": null,
      "mask_shape": [
        480,
        640
      ],
      "mask_pixels_on": 2444
    }
  ]
}
