{
  "kind": "segmentation",
  "model_id": "sam2-hiera-small",
  "task": "foundation_segment",
  "image_size": [
    640,
    480
  ],
  "device": "cuda",
  "precision": "fp32",
  "backend": "huggingface_sam2",
  "model_loaded_from": "cache",
  "cache_path": "/home/arash/.cache/visionservex/models/sam2-hiera-small/snapshot/sam2_hiera_small.pt",
  "latency_ms": 231.58729799615685,
  "fallback_reason": null,
  "metadata": {},
  "warnings": [],
  "segments": [
    {
      "box": {
        "x1": 0.0,
        "y1": 4.0,
        "x2": 639.0,
        "y2": 473.0
      },
      "score": 0.7376130223274231,
      "label": "segment",
      "class_id": null,
      "mask_shape": [
        480,
        640
      ],
      "mask_pixels_on": 73616
    }
  ]
}
