{
  "kind": "segmentation",
  "model_id": "sam2.1-hiera-small",
  "task": "foundation_segment",
  "image_size": [
    640,
    480
  ],
  "device": "cuda",
  "precision": "fp32",
  "backend": "huggingface_sam2",
  "model_loaded_from": "cache",
  "cache_path": "/home/arash/.cache/visionservex/models/sam2.1-hiera-small/snapshot/sam2.1_hiera_small.pt",
  "latency_ms": 223.36700900632422,
  "fallback_reason": null,
  "metadata": {},
  "warnings": [],
  "segments": [
    {
      "box": {
        "x1": 0.0,
        "y1": 6.0,
        "x2": 639.0,
        "y2": 475.0
      },
      "score": 0.06838984787464142,
      "label": "segment",
      "class_id": null,
      "mask_shape": [
        480,
        640
      ],
      "mask_pixels_on": 77121
    }
  ]
}
