{
  "kind": "segmentation",
  "model_id": "sam2.1-hiera-tiny",
  "task": "foundation_segment",
  "image_size": [
    640,
    480
  ],
  "device": "cuda",
  "precision": "fp32",
  "backend": "huggingface_sam2",
  "model_loaded_from": "cache",
  "cache_path": "/home/arash/.cache/visionservex/models/sam2.1-hiera-tiny/snapshot/sam2.1_hiera_tiny.pt",
  "latency_ms": 219.52352901280392,
  "fallback_reason": null,
  "metadata": {},
  "warnings": [],
  "segments": [
    {
      "box": {
        "x1": 99.0,
        "y1": 40.0,
        "x2": 163.0,
        "y2": 197.0
      },
      "score": 0.01138484850525856,
      "label": "segment",
      "class_id": null,
      "mask_shape": [
        480,
        640
      ],
      "mask_pixels_on": 8467
    }
  ]
}
