{
  "kind": "segmentation",
  "model_id": "sam2-hiera-tiny",
  "task": "foundation_segment",
  "image_size": [
    640,
    480
  ],
  "device": "cuda",
  "precision": "fp32",
  "backend": "huggingface_sam2",
  "model_loaded_from": "cache",
  "cache_path": "/home/arash/.cache/visionservex/models/sam2-hiera-tiny/snapshot/sam2_hiera_tiny.pt",
  "latency_ms": 232.93595100403763,
  "fallback_reason": null,
  "metadata": {},
  "warnings": [],
  "segments": [
    {
      "box": {
        "x1": 3.0,
        "y1": 2.0,
        "x2": 637.0,
        "y2": 306.0
      },
      "score": 3.7214292092357937e-07,
      "label": "segment",
      "class_id": null,
      "mask_shape": [
        480,
        640
      ],
      "mask_pixels_on": 79308
    }
  ]
}
