{
  "kind": "classification",
  "model_id": "swinv2-tiny",
  "task": "classify",
  "image_size": [
    640,
    480
  ],
  "device": "cuda",
  "precision": "fp32",
  "backend": "huggingface",
  "model_loaded_from": "cache",
  "cache_path": "/home/arash/.cache/visionservex/models/swinv2-tiny/snapshot/pytorch_model.bin",
  "latency_ms": 199.82902400079183,
  "fallback_reason": null,
  "metadata": {},
  "warnings": [],
  "top_k": [
    [
      "Band Aid",
      0.12211666256189346
    ],
    [
      "envelope",
      0.11796456575393677
    ],
    [
      "jigsaw puzzle",
      0.0670144185423851
    ],
    [
      "rubber eraser, rubber, pencil eraser",
      0.02984417974948883
    ],
    [
      "whistle",
      0.02172749675810337
    ]
  ]
}
