2026-05-18T21:16:42 INFO visionservex.engines.swinv2 :: loading swinv2-tiny from microsoft/swinv2-tiny-patch4-window8-256
2026-05-18T21:16:42 INFO httpx :: HTTP Request: HEAD https://huggingface.co/microsoft/swinv2-tiny-patch4-window8-256/resolve/main/processor_config.json "HTTP/1.1 404 Not Found"
2026-05-18T21:16:42 INFO httpx :: HTTP Request: HEAD https://huggingface.co/microsoft/swinv2-tiny-patch4-window8-256/resolve/main/preprocessor_config.json "HTTP/1.1 307 Temporary Redirect"
2026-05-18T21:16:42 INFO httpx :: HTTP Request: HEAD https://huggingface.co/api/resolve-cache/models/microsoft/swinv2-tiny-patch4-window8-256/40213dad8563a5a916d434a1291443c0fa6358f0/preprocessor_config.json "HTTP/1.1 200 OK"
2026-05-18T21:16:42 INFO httpx :: HTTP Request: HEAD https://huggingface.co/microsoft/swinv2-tiny-patch4-window8-256/resolve/main/processor_config.json "HTTP/1.1 404 Not Found"
2026-05-18T21:16:42 INFO httpx :: HTTP Request: HEAD https://huggingface.co/microsoft/swinv2-tiny-patch4-window8-256/resolve/main/preprocessor_config.json "HTTP/1.1 307 Temporary Redirect"
2026-05-18T21:16:42 INFO httpx :: HTTP Request: HEAD https://huggingface.co/api/resolve-cache/models/microsoft/swinv2-tiny-patch4-window8-256/40213dad8563a5a916d434a1291443c0fa6358f0/preprocessor_config.json "HTTP/1.1 200 OK"
2026-05-18T21:16:42 INFO httpx :: HTTP Request: HEAD https://huggingface.co/microsoft/swinv2-tiny-patch4-window8-256/resolve/main/config.json "HTTP/1.1 307 Temporary Redirect"
2026-05-18T21:16:42 INFO httpx :: HTTP Request: HEAD https://huggingface.co/api/resolve-cache/models/microsoft/swinv2-tiny-patch4-window8-256/40213dad8563a5a916d434a1291443c0fa6358f0/config.json "HTTP/1.1 200 OK"
2026-05-18T21:16:42 INFO httpx :: HTTP Request: HEAD https://huggingface.co/microsoft/swinv2-tiny-patch4-window8-256/resolve/main/config.json "HTTP/1.1 307 Temporary Redirect"
2026-05-18T21:16:42 INFO httpx :: HTTP Request: HEAD https://huggingface.co/api/resolve-cache/models/microsoft/swinv2-tiny-patch4-window8-256/40213dad8563a5a916d434a1291443c0fa6358f0/config.json "HTTP/1.1 200 OK"
2026-05-18T21:16:42 INFO httpx :: HTTP Request: HEAD https://huggingface.co/microsoft/swinv2-tiny-patch4-window8-256/resolve/main/model.safetensors "HTTP/1.1 404 Not Found"

Loading weights:   0%|          | 0/245 [00:00<?, ?it/s]
Loading weights: 100%|██████████| 245/245 [00:00<00:00, 58267.43it/s]
2026-05-18T21:16:43 INFO visionservex.engines.swinv2 :: swinv2-tiny loaded with 1000 classes
2026-05-18T21:16:43 INFO httpx :: HTTP Request: GET https://huggingface.co/api/models/microsoft/swinv2-tiny-patch4-window8-256 "HTTP/1.1 200 OK"
2026-05-18T21:16:43 INFO httpx :: HTTP Request: GET https://huggingface.co/api/models/microsoft/swinv2-tiny-patch4-window8-256/commits/main "HTTP/1.1 200 OK"
2026-05-18T21:16:43 INFO httpx :: HTTP Request: GET https://huggingface.co/api/models/microsoft/swinv2-tiny-patch4-window8-256/discussions?p=0 "HTTP/1.1 200 OK"
2026-05-18T21:16:43 INFO httpx :: HTTP Request: GET https://huggingface.co/api/models/microsoft/swinv2-tiny-patch4-window8-256/commits/refs%2Fpr%2F1 "HTTP/1.1 200 OK"
2026-05-18T21:16:43 INFO httpx :: HTTP Request: HEAD https://huggingface.co/microsoft/swinv2-tiny-patch4-window8-256/resolve/refs%2Fpr%2F1/model.safetensors.index.json "HTTP/1.1 404 Not Found"
2026-05-18T21:16:43 INFO httpx :: HTTP Request: HEAD https://huggingface.co/microsoft/swinv2-tiny-patch4-window8-256/resolve/refs%2Fpr%2F1/model.safetensors "HTTP/1.1 302 Found"
