{
  "kind": "classification",
  "model_id": "swinv2-small",
  "task": "classify",
  "image_size": [
    640,
    480
  ],
  "device": "cuda",
  "precision": "fp32",
  "backend": "huggingface",
  "model_loaded_from": "cache",
  "cache_path": "/home/arash/.cache/visionservex/models/swinv2-small/snapshot/pytorch_model.bin",
  "latency_ms": 195.87947000400163,
  "fallback_reason": null,
  "metadata": {},
  "warnings": [],
  "top_k": [
    [
      "envelope",
      0.15282462537288666
    ],
    [
      "jigsaw puzzle",
      0.08078476041555405
    ],
    [
      "rule, ruler",
      0.06207539513707161
    ],
    [
      "rubber eraser, rubber, pencil eraser",
      0.026065319776535034
    ],
    [
      "digital clock",
      0.025599153712391853
    ]
  ]
}
